<?xml version="1.0" encoding="UTF-8"?>
<testng-results skipped="0" failed="0" total="1" passed="1">
  <reporter-output>
  </reporter-output>
  <suite name="Tests" duration-ms="22007" started-at="2016-03-21T18:18:32Z" finished-at="2016-03-21T18:18:54Z">
    <groups>
    </groups>
    <test name="Test1" duration-ms="22007" started-at="2016-03-21T18:18:32Z" finished-at="2016-03-21T18:18:54Z">
      <class name="ru.st.selenium.LoginTest">
        <test-method status="PASS" signature="init()[pri:0, instance:ru.st.selenium.LoginTest@4411d970]" name="init" is-config="true" duration-ms="19045" started-at="2016-03-21T20:18:32Z" finished-at="2016-03-21T20:18:51Z">
          <reporter-output>
          </reporter-output>
        </test-method> <!-- init -->
        <test-method status="PASS" signature="testLogin()[pri:0, instance:ru.st.selenium.LoginTest@4411d970]" name="testLogin" duration-ms="2947" started-at="2016-03-21T20:18:51Z" finished-at="2016-03-21T20:18:54Z">
          <reporter-output>
          </reporter-output>
        </test-method> <!-- testLogin -->
        <test-method status="PASS" signature="tearDown()[pri:0, instance:ru.st.selenium.LoginTest@4411d970]" name="tearDown" is-config="true" duration-ms="1160" started-at="2016-03-21T20:18:54Z" finished-at="2016-03-21T20:18:55Z">
          <reporter-output>
          </reporter-output>
        </test-method> <!-- tearDown -->
      </class> <!-- ru.st.selenium.LoginTest -->
    </test> <!-- Test1 -->
  </suite> <!-- Tests -->
</testng-results>
